# JRE version: Java(TM) SE Runtime Environment (21.0.7+8) (build 21.0.7+8-LTS-245)
# Java VM: Java HotSpot(TM) 64-Bit Server VM (21.0.7+8-LTS-245, mixed mode, sharing, tiered, compressed oops, compressed class ptrs, g1 gc, windows-amd64)
GC Precious Log:
 CardTable entry size: 512
 Card Set container configuration: InlinePtr #cards 5 size 8 Array Of Cards #cards 12 size 40 Howl #buckets 4 coarsen threshold 1843 Howl Bitmap #cards 512 size 80 coarsen threshold 460 Card regions per heap region 1 cards per card region 2048
 CPUs: 4 total, 4 available
 Memory: 8063M
 Large Page Support: Disabled
 NUMA Support: Disabled
 Compressed Oops: Enabled (32-bit)
 Heap Region Size: 1M
 Heap Min Capacity: 8M
 Heap Initial Capacity: 126M
 Heap Max Capacity: 2016M
 Pre-touch: Disabled
 Parallel Workers: 4
 Concurrent Workers: 1
 Concurrent Refinement Workers: 4
 Periodic GC: Disabled
Heap:
 garbage-first heap   total 71680K, used 60102K [0x0000000082000000, 0x0000000100000000)
  region size 1024K, 21 young (21504K), 2 survivors (2048K)
 Metaspace       used 82997K, committed 83840K, reserved 1179648K
  class space    used 10996K, committed 11392K, reserved 1048576K
GC Heap History (20 events):
Event: 18.208 GC heap before
{Heap before GC invocations=11 (full 0):
 garbage-first heap   total 70656K, used 59669K [0x0000000082000000, 0x0000000100000000)
  region size 1024K, 36 young (36864K), 4 survivors (4096K)
 Metaspace       used 56757K, committed 57344K, reserved 1114112K
  class space    used 7250K, committed 7488K, reserved 1048576K
}
Event: 18.223 GC heap after
{Heap after GC invocations=12 (full 0):
 garbage-first heap   total 70656K, used 28174K [0x0000000082000000, 0x0000000100000000)
  region size 1024K, 2 young (2048K), 2 survivors (2048K)
 Metaspace       used 56757K, committed 57344K, reserved 1114112K
  class space    used 7250K, committed 7488K, reserved 1048576K
}
Event: 18.840 GC heap before
{Heap before GC invocations=12 (full 0):
 garbage-first heap   total 70656K, used 47630K [0x0000000082000000, 0x0000000100000000)
  region size 1024K, 22 young (22528K), 2 survivors (2048K)
 Metaspace       used 59595K, committed 60096K, reserved 1114112K
  class space    used 7744K, committed 8000K, reserved 1048576K
}
Event: 18.847 GC heap after
{Heap after GC invocations=13 (full 0):
 garbage-first heap   total 70656K, used 28697K [0x0000000082000000, 0x0000000100000000)
  region size 1024K, 3 young (3072K), 3 survivors (3072K)
 Metaspace       used 59595K, committed 60096K, reserved 1114112K
  class space    used 7744K, committed 8000K, reserved 1048576K
}
Event: 26.349 GC heap before
{Heap before GC invocations=14 (full 0):
 garbage-first heap   total 70656K, used 61465K [0x0000000082000000, 0x0000000100000000)
  region size 1024K, 35 young (35840K), 3 survivors (3072K)
 Metaspace       used 65143K, committed 65728K, reserved 1114112K
  class space    used 8476K, committed 8768K, reserved 1048576K
}
Event: 26.366 GC heap after
{Heap after GC invocations=15 (full 0):
 garbage-first heap   total 70656K, used 30773K [0x0000000082000000, 0x0000000100000000)
  region size 1024K, 5 young (5120K), 5 survivors (5120K)
 Metaspace       used 65143K, committed 65728K, reserved 1114112K
  class space    used 8476K, committed 8768K, reserved 1048576K
}
Event: 27.867 GC heap before
{Heap before GC invocations=15 (full 0):
 garbage-first heap   total 70656K, used 60469K [0x0000000082000000, 0x0000000100000000)
  region size 1024K, 34 young (34816K), 5 survivors (5120K)
 Metaspace       used 70321K, committed 70976K, reserved 1114112K
  class space    used 9424K, committed 9728K, reserved 1048576K
}
Event: 27.897 GC heap after
{Heap after GC invocations=16 (full 0):
 garbage-first heap   total 70656K, used 32749K [0x0000000082000000, 0x0000000100000000)
  region size 1024K, 5 young (5120K), 5 survivors (5120K)
 Metaspace       used 70321K, committed 70976K, reserved 1114112K
  class space    used 9424K, committed 9728K, reserved 1048576K
}
Event: 29.198 GC heap before
{Heap before GC invocations=16 (full 0):
 garbage-first heap   total 70656K, used 61421K [0x0000000082000000, 0x0000000100000000)
  region size 1024K, 33 young (33792K), 5 survivors (5120K)
 Metaspace       used 72407K, committed 73088K, reserved 1114112K
  class space    used 9675K, committed 9984K, reserved 1048576K
}
Event: 29.211 GC heap after
{Heap after GC invocations=17 (full 0):
 garbage-first heap   total 70656K, used 34910K [0x0000000082000000, 0x0000000100000000)
  region size 1024K, 2 young (2048K), 2 survivors (2048K)
 Metaspace       used 72407K, committed 73088K, reserved 1114112K
  class space    used 9675K, committed 9984K, reserved 1048576K
}
Event: 29.685 GC heap before
{Heap before GC invocations=17 (full 0):
 garbage-first heap   total 70656K, used 63582K [0x0000000082000000, 0x0000000100000000)
  region size 1024K, 30 young (30720K), 2 survivors (2048K)
 Metaspace       used 72943K, committed 73600K, reserved 1114112K
  class space    used 9727K, committed 10048K, reserved 1048576K
}
Event: 29.691 GC heap after
{Heap after GC invocations=18 (full 0):
 garbage-first heap   total 70656K, used 35305K [0x0000000082000000, 0x0000000100000000)
  region size 1024K, 3 young (3072K), 3 survivors (3072K)
 Metaspace       used 72943K, committed 73600K, reserved 1114112K
  class space    used 9727K, committed 10048K, reserved 1048576K
}
Event: 30.164 GC heap before
{Heap before GC invocations=19 (full 0):
 garbage-first heap   total 71680K, used 61929K [0x0000000082000000, 0x0000000100000000)
  region size 1024K, 29 young (29696K), 3 survivors (3072K)
 Metaspace       used 73074K, committed 73792K, reserved 1114112K
  class space    used 9739K, committed 10048K, reserved 1048576K
}
Event: 30.171 GC heap after
{Heap after GC invocations=20 (full 0):
 garbage-first heap   total 71680K, used 36371K [0x0000000082000000, 0x0000000100000000)
  region size 1024K, 2 young (2048K), 2 survivors (2048K)
 Metaspace       used 73074K, committed 73792K, reserved 1114112K
  class space    used 9739K, committed 10048K, reserved 1048576K
}
Event: 31.118 GC heap before
{Heap before GC invocations=20 (full 0):
 garbage-first heap   total 71680K, used 65043K [0x0000000082000000, 0x0000000100000000)
  region size 1024K, 30 young (30720K), 2 survivors (2048K)
 Metaspace       used 75402K, committed 76096K, reserved 1179648K
  class space    used 10053K, committed 10368K, reserved 1048576K
}
Event: 31.128 GC heap after
{Heap after GC invocations=21 (full 0):
 garbage-first heap   total 71680K, used 37993K [0x0000000082000000, 0x0000000100000000)
  region size 1024K, 4 young (4096K), 4 survivors (4096K)
 Metaspace       used 75402K, committed 76096K, reserved 1179648K
  class space    used 10053K, committed 10368K, reserved 1048576K
}
Event: 33.123 GC heap before
{Heap before GC invocations=21 (full 0):
 garbage-first heap   total 71680K, used 62569K [0x0000000082000000, 0x0000000100000000)
  region size 1024K, 28 young (28672K), 4 survivors (4096K)
 Metaspace       used 78492K, committed 79232K, reserved 1179648K
  class space    used 10481K, committed 10816K, reserved 1048576K
}
Event: 33.140 GC heap after
{Heap after GC invocations=22 (full 0):
 garbage-first heap   total 71680K, used 40593K [0x0000000082000000, 0x0000000100000000)
  region size 1024K, 4 young (4096K), 4 survivors (4096K)
 Metaspace       used 78492K, committed 79232K, reserved 1179648K
  class space    used 10481K, committed 10816K, reserved 1048576K
}
Event: 40.519 GC heap before
{Heap before GC invocations=23 (full 0):
 garbage-first heap   total 71680K, used 63121K [0x0000000082000000, 0x0000000100000000)
  region size 1024K, 26 young (26624K), 4 survivors (4096K)
 Metaspace       used 80806K, committed 81600K, reserved 1179648K
  class space    used 10757K, committed 11136K, reserved 1048576K
}
Event: 40.547 GC heap after
{Heap after GC invocations=24 (full 0):
 garbage-first heap   total 71680K, used 42694K [0x0000000082000000, 0x0000000100000000)
  region size 1024K, 2 young (2048K), 2 survivors (2048K)
 Metaspace       used 80806K, committed 81600K, reserved 1179648K
  class space    used 10757K, committed 11136K, reserved 1048576K
}

